<?xml version="1.0" encoding="UTF-8"?>
<!-- Generated by org.testng.reporters.JUnitReportReporter -->
<testsuite hostname="AGL-DEV-98" failures="0" tests="1" name="com.cse.qa.Solution" time="7.786" errors="1" timestamp="07 Nov 2019 06:38:15 GMT" skipped="0">
  <testcase classname="com.cse.qa.Solution" name="Solutions" time="7.786">
    <error message="session not created: This version of ChromeDriver only supports Chrome version 76
Build info: version: &#039;3.14.0&#039;, revision: &#039;aacccce0&#039;, time: &#039;2018-08-02T20:19:58.91Z&#039;
System info: host: &#039;AGL-DEV-98&#039;, ip: &#039;10.0.1.6&#039;, os.name: &#039;Windows 10&#039;, os.arch: &#039;amd64&#039;, os.version: &#039;10.0&#039;, java.version: &#039;12.0.1&#039;
Driver info: driver.version: ChromeDriver
remote stacktrace: Backtrace:
	Ordinal0 [0x00DA7B13+1473299]
	Ordinal0 [0x00D2AC61+961633]
	Ordinal0 [0x00CB41A3+475555]
	Ordinal0 [0x00C4F365+62309]
	Ordinal0 [0x00C4BC77+48247]
	Ordinal0 [0x00C68FD9+167897]
	Ordinal0 [0x00C68BAD+166829]
	Ordinal0 [0x00C672BB+160443]
	Ordinal0 [0x00C50AE6+68326]
	Ordinal0 [0x00C51A80+72320]
	Ordinal0 [0x00C51A19+72217]
	Ordinal0 [0x00D44A27+1067559]
	GetHandleVerifier [0x00E466F5+506677]
	GetHandleVerifier [0x00E46490+506064]
	GetHandleVerifier [0x00E4D038+533624]
	GetHandleVerifier [0x00E46ECA+508682]
	Ordinal0 [0x00D3C116+1032470]
	Ordinal0 [0x00D3BF8F+1032079]
	Ordinal0 [0x00D4693B+1075515]
	Ordinal0 [0x00D46AA3+1075875]
	Ordinal0 [0x00D45A55+1071701]
	BaseThreadInitThunk [0x76510419+25]
	RtlGetAppContainerNamedObjectPath [0x76F5662D+237]
	RtlGetAppContainerNamedObjectPath [0x76F565FD+189]
" type="org.openqa.selenium.SessionNotCreatedException">
      <![CDATA[org.openqa.selenium.SessionNotCreatedException: session not created: This version of ChromeDriver only supports Chrome version 76
Build info: version: '3.14.0', revision: 'aacccce0', time: '2018-08-02T20:19:58.91Z'
System info: host: 'AGL-DEV-98', ip: '10.0.1.6', os.name: 'Windows 10', os.arch: 'amd64', os.version: '10.0', java.version: '12.0.1'
Driver info: driver.version: ChromeDriver
remote stacktrace: Backtrace:
Ordinal0 [0x00DA7B13+1473299]
Ordinal0 [0x00D2AC61+961633]
Ordinal0 [0x00CB41A3+475555]
Ordinal0 [0x00C4F365+62309]
Ordinal0 [0x00C4BC77+48247]
Ordinal0 [0x00C68FD9+167897]
Ordinal0 [0x00C68BAD+166829]
Ordinal0 [0x00C672BB+160443]
Ordinal0 [0x00C50AE6+68326]
Ordinal0 [0x00C51A80+72320]
Ordinal0 [0x00C51A19+72217]
Ordinal0 [0x00D44A27+1067559]
GetHandleVerifier [0x00E466F5+506677]
GetHandleVerifier [0x00E46490+506064]
GetHandleVerifier [0x00E4D038+533624]
GetHandleVerifier [0x00E46ECA+508682]
Ordinal0 [0x00D3C116+1032470]
Ordinal0 [0x00D3BF8F+1032079]
Ordinal0 [0x00D4693B+1075515]
Ordinal0 [0x00D46AA3+1075875]
Ordinal0 [0x00D45A55+1071701]
BaseThreadInitThunk [0x76510419+25]
RtlGetAppContainerNamedObjectPath [0x76F5662D+237]
RtlGetAppContainerNamedObjectPath [0x76F565FD+189]

at java.base/jdk.internal.reflect.NativeConstructorAccessorImpl.newInstance0(Native Method)
at java.base/jdk.internal.reflect.NativeConstructorAccessorImpl.newInstance(NativeConstructorAccessorImpl.java:62)
at java.base/jdk.internal.reflect.DelegatingConstructorAccessorImpl.newInstance(DelegatingConstructorAccessorImpl.java:45)
at java.base/java.lang.reflect.Constructor.newInstanceWithCaller(Constructor.java:500)
at java.base/java.lang.reflect.Constructor.newInstance(Constructor.java:481)
at org.openqa.selenium.remote.W3CHandshakeResponse.lambda$new$0(W3CHandshakeResponse.java:57)
at org.openqa.selenium.remote.W3CHandshakeResponse.lambda$getResponseFunction$2(W3CHandshakeResponse.java:104)
at org.openqa.selenium.remote.ProtocolHandshake.lambda$createSession$0(ProtocolHandshake.java:122)
at java.base/java.util.stream.ReferencePipeline$3$1.accept(ReferencePipeline.java:195)
at java.base/java.util.Spliterators$ArraySpliterator.tryAdvance(Spliterators.java:958)
at java.base/java.util.stream.ReferencePipeline.forEachWithCancel(ReferencePipeline.java:127)
at java.base/java.util.stream.AbstractPipeline.copyIntoWithCancel(AbstractPipeline.java:502)
at java.base/java.util.stream.AbstractPipeline.copyInto(AbstractPipeline.java:488)
at java.base/java.util.stream.AbstractPipeline.wrapAndCopyInto(AbstractPipeline.java:474)
at java.base/java.util.stream.FindOps$FindOp.evaluateSequential(FindOps.java:150)
at java.base/java.util.stream.AbstractPipeline.evaluate(AbstractPipeline.java:234)
at java.base/java.util.stream.ReferencePipeline.findFirst(ReferencePipeline.java:543)
at org.openqa.selenium.remote.ProtocolHandshake.createSession(ProtocolHandshake.java:125)
at org.openqa.selenium.remote.ProtocolHandshake.createSession(ProtocolHandshake.java:73)
at org.openqa.selenium.remote.HttpCommandExecutor.execute(HttpCommandExecutor.java:136)
at org.openqa.selenium.remote.service.DriverCommandExecutor.execute(DriverCommandExecutor.java:83)
at org.openqa.selenium.remote.RemoteWebDriver.execute(RemoteWebDriver.java:548)
at org.openqa.selenium.remote.RemoteWebDriver.startSession(RemoteWebDriver.java:212)
at org.openqa.selenium.remote.RemoteWebDriver.<init>(RemoteWebDriver.java:130)
at org.openqa.selenium.chrome.ChromeDriver.<init>(ChromeDriver.java:181)
at org.openqa.selenium.chrome.ChromeDriver.<init>(ChromeDriver.java:168)
at org.openqa.selenium.chrome.ChromeDriver.<init>(ChromeDriver.java:123)
at com.cse.qa.Solution.Solutions(Solution.java:17)
at java.base/jdk.internal.reflect.NativeMethodAccessorImpl.invoke0(Native Method)
at java.base/jdk.internal.reflect.NativeMethodAccessorImpl.invoke(NativeMethodAccessorImpl.java:62)
at java.base/jdk.internal.reflect.DelegatingMethodAccessorImpl.invoke(DelegatingMethodAccessorImpl.java:43)
at java.base/java.lang.reflect.Method.invoke(Method.java:567)
at org.testng.internal.MethodInvocationHelper.invokeMethod(MethodInvocationHelper.java:124)
at org.testng.internal.Invoker.invokeMethod(Invoker.java:583)
at org.testng.internal.Invoker.invokeTestMethod(Invoker.java:719)
at org.testng.internal.Invoker.invokeTestMethods(Invoker.java:989)
at org.testng.internal.TestMethodWorker.invokeTestMethods(TestMethodWorker.java:125)
at org.testng.internal.TestMethodWorker.run(TestMethodWorker.java:109)
at org.testng.TestRunner.privateRun(TestRunner.java:648)
at org.testng.TestRunner.run(TestRunner.java:505)
at org.testng.SuiteRunner.runTest(SuiteRunner.java:455)
at org.testng.SuiteRunner.runSequentially(SuiteRunner.java:450)
at org.testng.SuiteRunner.privateRun(SuiteRunner.java:415)
at org.testng.SuiteRunner.run(SuiteRunner.java:364)
at org.testng.SuiteRunnerWorker.runSuite(SuiteRunnerWorker.java:52)
at org.testng.SuiteRunnerWorker.run(SuiteRunnerWorker.java:84)
at org.testng.TestNG.runSuitesSequentially(TestNG.java:1208)
at org.testng.TestNG.runSuitesLocally(TestNG.java:1137)
at org.testng.TestNG.runSuites(TestNG.java:1049)
at org.testng.TestNG.run(TestNG.java:1017)
at org.testng.remote.AbstractRemoteTestNG.run(AbstractRemoteTestNG.java:115)
at org.testng.remote.RemoteTestNG.initAndRun(RemoteTestNG.java:251)
at org.testng.remote.RemoteTestNG.main(RemoteTestNG.java:77)
]]>
    </error>
  </testcase> <!-- Solutions -->
</testsuite> <!-- com.cse.qa.Solution -->
